<?xml version="1.0" encoding="UTF-8"?>
<!-- Generated by org.testng.reporters.JUnitReportReporter -->
<testsuite name="com.digitaslbi.PB.BrandStory" tests="1" failures="0" timestamp="14 May 2015 18:28:35 GMT" time="24.426" errors="0">
  <testcase name="TC1_testBrandStory" time="24.426" classname="com.digitaslbi.PB.BrandStory"/>
</testsuite> <!-- com.digitaslbi.PB.BrandStory -->
