<?xml version="1.0" encoding="UTF-8"?>
<!-- Generated by org.testng.reporters.JUnitReportReporter -->
<testsuite name="com.digitaslbi.PB.Homepage" tests="5" failures="0" timestamp="14 May 2015 18:28:35 GMT" time="55.652" errors="0">
  <testcase name="TC1_testPBlogo" time="7.754" classname="com.digitaslbi.PB.Homepage"/>
  <testcase name="TC4_testBrandStoryCTA" time="7.756" classname="com.digitaslbi.PB.Homepage"/>
  <testcase name="TC3_testMenuIcon" time="5.957" classname="com.digitaslbi.PB.Homepage"/>
  <testcase name="TC2_testHeaderNavigationOptions" time="17.821" classname="com.digitaslbi.PB.Homepage"/>
  <testcase name="TC5_testHomepageCategoryNavigation" time="16.364" classname="com.digitaslbi.PB.Homepage"/>
</testsuite> <!-- com.digitaslbi.PB.Homepage -->
